0 info it worked if it ends with ok
1 verbose cli [ 'C:\\Program Files (x86)\\nodejs\\\\node.exe',
1 verbose cli   'C:\\Program Files (x86)\\nodejs\\node_modules\\npm\\bin\\npm-cli.js',
1 verbose cli   'start' ]
2 info using npm@1.2.18
3 info using node@v0.10.6
4 verbose node symlink C:\Program Files (x86)\nodejs\\node.exe
5 verbose read json D:\xampp\htdocs\mtf\package.json
6 verbose run-script [ 'prestart', 'start', 'poststart' ]
7 info prestart mtf.localhost@0.0.0
8 info start mtf.localhost@0.0.0
9 verbose unsafe-perm in lifecycle true
10 silly exec cmd "/c" "node ./bin/www"
11 silly cmd,/c,node ./bin/www,D:\xampp\htdocs\mtf spawning
12 info mtf.localhost@0.0.0 Failed to exec start script
13 error mtf.localhost@0.0.0 start: `node ./bin/www`
13 error `cmd "/c" "node ./bin/www"` failed with 8
14 error Failed at the mtf.localhost@0.0.0 start script.
14 error This is most likely a problem with the mtf.localhost package,
14 error not with npm itself.
14 error Tell the author that this fails on your system:
14 error     node ./bin/www
14 error You can get their info via:
14 error     npm owner ls mtf.localhost
14 error There is likely additional logging output above.
15 error System Windows_NT 6.1.7601
16 error command "C:\\Program Files (x86)\\nodejs\\\\node.exe" "C:\\Program Files (x86)\\nodejs\\node_modules\\npm\\bin\\npm-cli.js" "start"
17 error cwd D:\xampp\htdocs\mtf
18 error node -v v0.10.6
19 error npm -v 1.2.18
20 error code ELIFECYCLE
21 verbose exit [ 1, true ]
